#
# A fatal error has been detected by the Java Runtime Environment:
#
#  Internal Error (javaClasses.cpp:129), pid=66504, tid=36492
#  fatal error: Invalid layout of preloaded class
#
# JRE version: 7.0_15-b03
# Java VM: Java HotSpot(TM) 64-Bit Server VM (23.7-b01 mixed mode windows-amd64 compressed oops)
# Failed to write core dump. Minidumps are not enabled by default on client versions of Windows
#
# If you would like to submit a bug report, please visit:
#   http://bugreport.sun.com/bugreport/crash.jsp
#

---------------  T H R E A D  ---------------

Current thread (0x000000000229d000):  JavaThread "Unknown thread" [_thread_in_vm, id=36492, stack(0x0000000002850000,0x0000000002950000)]

Stack: [0x0000000002850000,0x0000000002950000]

---------------  P R O C E S S  ---------------

Java Threads: ( => current thread )

Other Threads:

=>0x000000000229d000 (exited) JavaThread "Unknown thread" [_thread_in_vm, id=36492, stack(0x0000000002850000,0x0000000002950000)]

VM state:not at safepoint (not fully initialized)

VM Mutex/Monitor currently owned by a thread: None

GC Heap History (0 events):
No events

Deoptimization events (0 events):
No events

Internal exceptions (0 events):
No events

Events (10 events):
Event: 0.011 loading class 0x0000000002760680 done
Event: 0.011 loading class 0x0000000002722ac0 done
Event: 0.011 loading class 0x0000000002722a90
Event: 0.011 loading class 0x00000000027b1da0
Event: 0.011 loading class 0x00000000027b1da0 done
Event: 0.011 loading class 0x00000000027b1de0
Event: 0.011 loading class 0x00000000027b1de0 done
Event: 0.011 loading class 0x000000000b73f210
Event: 0.011 loading class 0x000000000b73f210 done
Event: 0.011 loading class 0x0000000002722a90 done


Dynamic libraries:
0x000000013f8a0000 - 0x000000013f8d3000 	C:\Program Files\Java\jre7\bin\javaw.exe
0x0000000077660000 - 0x0000000077809000 	C:\Windows\SYSTEM32\ntdll.dll
0x0000000077540000 - 0x000000007765f000 	C:\Windows\system32\kernel32.dll
0x000007fefd570000 - 0x000007fefd5dc000 	C:\Windows\system32\KERNELBASE.dll
0x000007fefe060000 - 0x000007fefe13b000 	C:\Windows\system32\ADVAPI32.dll
0x000007fefe380000 - 0x000007fefe41f000 	C:\Windows\system32\msvcrt.dll
0x000007fefe810000 - 0x000007fefe82f000 	C:\Windows\SYSTEM32\sechost.dll
0x000007fefdce0000 - 0x000007fefde0d000 	C:\Windows\system32\RPCRT4.dll
0x0000000077440000 - 0x000000007753a000 	C:\Windows\system32\USER32.dll
0x000007fefd880000 - 0x000007fefd8e7000 	C:\Windows\system32\GDI32.dll
0x000007fefe920000 - 0x000007fefe92e000 	C:\Windows\system32\LPK.dll
0x000007fefdb00000 - 0x000007fefdbc9000 	C:\Windows\system32\USP10.dll
0x000007fefc640000 - 0x000007fefc834000 	C:\Windows\WinSxS\amd64_microsoft.windows.common-controls_6595b64144ccf1df_6.0.7601.17514_none_fa396087175ac9ac\COMCTL32.dll
0x000007fefe670000 - 0x000007fefe6e1000 	C:\Windows\system32\SHLWAPI.dll
0x000007fefd850000 - 0x000007fefd87e000 	C:\Windows\system32\IMM32.DLL
0x000007fefdbd0000 - 0x000007fefdcd9000 	C:\Windows\system32\MSCTF.dll
0x000007fefd3e0000 - 0x000007fefd420000 	C:\Windows\system32\nvinitx.dll
0x000000000f000000 - 0x000000000f006000 	C:\Program Files\NVIDIA Corporation\CoProcManager\_etoured.dll
0x000007fef9930000 - 0x000007fef9986000 	C:\Program Files\NVIDIA Corporation\CoProcManager\nvd3d9wrapx.dll
0x000007fefe140000 - 0x000007fefe317000 	C:\Windows\system32\SETUPAPI.dll
0x000007fefd4d0000 - 0x000007fefd506000 	C:\Windows\system32\CFGMGR32.dll
0x000007fefe830000 - 0x000007fefe907000 	C:\Windows\system32\OLEAUT32.dll
0x000007fefd8f0000 - 0x000007fefdaf3000 	C:\Windows\system32\ole32.dll
0x000007fefd830000 - 0x000007fefd84a000 	C:\Windows\system32\DEVOBJ.dll
0x000007fef98f0000 - 0x000007fef992d000 	C:\Program Files\NVIDIA Corporation\CoProcManager\nvdxgiwrapx.dll
0x0000000074c30000 - 0x0000000074d01000 	C:\Program Files\Java\jre7\bin\msvcr100.dll
0x00000000565c0000 - 0x0000000056cdf000 	C:\Program Files\Java\jre7\bin\server\jvm.dll
0x000007fef6600000 - 0x000007fef6609000 	C:\Windows\system32\WSOCK32.dll
0x000007fefe580000 - 0x000007fefe5cd000 	C:\Windows\system32\WS2_32.dll
0x000007fefe910000 - 0x000007fefe918000 	C:\Windows\system32\NSI.dll
0x000007fefa2a0000 - 0x000007fefa2db000 	C:\Windows\system32\WINMM.dll
0x0000000077820000 - 0x0000000077827000 	C:\Windows\system32\PSAPI.DLL
0x0000000075090000 - 0x000000007509f000 	C:\Program Files\Java\jre7\bin\verify.dll
0x0000000075060000 - 0x0000000075088000 	C:\Program Files\Java\jre7\bin\java.dll
0x0000000075030000 - 0x0000000075045000 	C:\Program Files\Java\jre7\bin\zip.dll

VM Arguments:
jvm_args: -Dfile.encoding=GBK -Xbootclasspath:D:\AndroidDeveloper\androidSDK\android-sdk_r18-windows_all\android-sdk-windows\platforms\android-17\android.jar 
java_command: byxx.android.huochang.test
Launcher Type: SUN_STANDARD

Environment Variables:
JAVA_HOME=C:\Program Files\Java\jdk1.7.0_15
CLASSPATH=.;C:\Program Files\Java\jdk1.7.0_15lib;C:\Program Files\Java\jdk1.7.0_15lib\tools.jar
PATH=C:\Windows/SYSTEM32;C:\Windows;C:\Windows/SYSTEM32/WBEM;D:\PROGRAM FILES\IXIA\IXCHARIOT;D:\ANDROIDDEVELOPER\ANDROIDSDK\ANDROID-SDK_R18-WINDOWS_ALL\ANDROID-SDK-WINDOWS\PLATFORM-TOOLS;D:\ORACLE\PRODUCT\11.1.0\DB_1\BIN;C:\Windows\SYSTEM32;C:\Windows\SYSTEM32\WBEM;C:\PROGRAM FILES (X86)\INTEL\OPENCL SDK\2.0\BIN\X86;C:\PROGRAM FILES (X86)\INTEL\OPENCL SDK\2.0\BIN\X64;C:\PROGRAM FILES\INTEL\WIFI\BIN\;C:\PROGRAM FILES\COMMON FILES\INTEL\WIRELESSCOMMON\;C:\Program Files\TortoiseSVN\bin;C:\Program Files\TortoiseGit\bin;C:\Program Files\nodejs\;C:\Program Files\Intel\WiFi\bin\;C:\Program Files\Common Files\Intel\WirelessCommon\;C:\Program Files (x86)\Git\bin;C:\Users\Way\AppData\Roaming\npm
USERNAME=Way
OS=Windows_NT
PROCESSOR_IDENTIFIER=Intel64 Family 6 Model 58 Stepping 9, GenuineIntel



---------------  S Y S T E M  ---------------

OS: Windows 7 , 64 bit Build 7601 Service Pack 1

CPU:total 4 (2 cores per cpu, 2 threads per core) family 6 model 58 stepping 9, cmov, cx8, fxsr, mmx, sse, sse2, sse3, ssse3, sse4.1, sse4.2, popcnt, avx, ht, tsc, tscinvbit, tscinv

Memory: 4k page, physical 8078984k(2413764k free), swap 8077120k(2400060k free)

vm_info: Java HotSpot(TM) 64-Bit Server VM (23.7-b01) for windows-amd64 JRE (1.7.0_15-b03), built on Feb 15 2013 13:43:57 by "java_re" with unknown MS VC++:1600

time: Wed May 28 15:38:05 2014
elapsed time: 0 seconds

